<?xml version="1.0" encoding="UTF-8"?>
<!-- Generated by org.testng.reporters.JUnitReportReporter -->
<testsuite hostname="LAPTOP-OLPA0MDN" failures="0" tests="1" name="handlingUploadAndDownloadSelenium.DownloadFileInSelenium" time="0.435" errors="0" timestamp="2021-07-02T14:11:45 IST" skipped="0">
  <testcase classname="handlingUploadAndDownloadSelenium.DownloadFileInSelenium" name="TC01_downLoadFilePDF" time="0.435"/>
  <system-out/>
</testsuite> <!-- handlingUploadAndDownloadSelenium.DownloadFileInSelenium -->
