<?xml version="1.0" encoding="UTF-8"?>
<!-- Generated by org.testng.reporters.JUnitReportReporter -->
<testsuite hostname="LAPTOP-OLPA0MDN" failures="0" tests="1" name="practiseScreenShotAndListner.SaveScreenshotWithTime" time="3.550" errors="0" timestamp="2021-04-09T17:10:19 IST" skipped="0">
  <testcase classname="practiseScreenShotAndListner.SaveScreenshotWithTime" name="browsePageTest" time="3.550"/>
  <system-out/>
</testsuite> <!-- practiseScreenShotAndListner.SaveScreenshotWithTime -->
