<?xml version="1.0" encoding="UTF-8"?>
<!-- Generated by org.testng.reporters.JUnitReportReporter -->
<testsuite hostname="LAPTOP-OLPA0MDN" failures="0" tests="1" name="annotationTestNGPractise.AnnotationsTestNG" time="21.851" errors="0" timestamp="2021-04-14T13:18:21 IST" skipped="0">
  <testcase classname="annotationTestNGPractise.AnnotationsTestNG" name="testCurrentUrl" time="21.851"/>
  <system-out/>
</testsuite> <!-- annotationTestNGPractise.AnnotationsTestNG -->
