<?xml version="1.0" encoding="UTF-8"?>
<!-- Generated by org.testng.reporters.JUnitReportReporter -->
<testsuite hostname="LAPTOP-OLPA0MDN" failures="0" tests="1" name="handlingUploadAndDownloadSelenium.AutomatingFileHandling" time="1.372" errors="0" timestamp="2021-08-27T17:07:48 IST" skipped="0">
  <testcase classname="handlingUploadAndDownloadSelenium.AutomatingFileHandling" name="TC01_HomePage" time="1.372"/>
  <system-out/>
</testsuite> <!-- handlingUploadAndDownloadSelenium.AutomatingFileHandling -->
