<?xml version="1.0" encoding="UTF-8"?>
<!-- Generated by org.testng.reporters.JUnitReportReporter -->
<testsuite hostname="LAPTOP-OLPA0MDN" failures="0" tests="1" name="handlingUploadAndDownloadSelenium.UploadingFilesInSelenium" time="0.833" errors="0" timestamp="2021-07-02T17:48:51 IST" skipped="0">
  <testcase classname="handlingUploadAndDownloadSelenium.UploadingFilesInSelenium" name="TC01_HomePage" time="0.833"/>
  <system-out/>
</testsuite> <!-- handlingUploadAndDownloadSelenium.UploadingFilesInSelenium -->
