<?xml version="1.0" encoding="UTF-8"?>
<!-- Generated by org.testng.reporters.JUnitReportReporter -->
<testsuite hostname="LAPTOP-OLPA0MDN" failures="0" tests="5" name="annotationTestNGPractise.GroupsAnnotationDemo" time="0.016" errors="0" timestamp="2021-09-02T20:05:02 IST" skipped="0">
  <testcase classname="annotationTestNGPractise.GroupsAnnotationDemo" name="openFileDialog" time="0.003"/>
  <system-out/>
  <testcase classname="annotationTestNGPractise.GroupsAnnotationDemo" name="testInsert" time="0.002"/>
  <system-out/>
  <testcase classname="annotationTestNGPractise.GroupsAnnotationDemo" name="testDelete" time="0.002"/>
  <system-out/>
  <testcase classname="annotationTestNGPractise.GroupsAnnotationDemo" name="testUpdate" time="0.002"/>
  <system-out/>
  <testcase classname="annotationTestNGPractise.GroupsAnnotationDemo" name="openConfirmationDialog" time="0.007"/>
  <system-out/>
</testsuite> <!-- annotationTestNGPractise.GroupsAnnotationDemo -->
