<?xml version="1.0" encoding="UTF-8"?>
<!-- Generated by org.testng.reporters.JUnitReportReporter -->
<testsuite hostname="LAPTOP-OLPA0MDN" failures="0" tests="1" name="handling_IFrameAndWindow.UtilityForIframeAndNewWindow" time="10.190" errors="0" timestamp="2021-08-28T13:26:05 IST" skipped="0">
  <testcase classname="handling_IFrameAndWindow.UtilityForIframeAndNewWindow" name="testWindowsHandles" time="10.190"/>
  <system-out/>
</testsuite> <!-- handling_IFrameAndWindow.UtilityForIframeAndNewWindow -->
