<?xml version="1.0" encoding="UTF-8"?>
<!-- Generated by org.testng.reporters.JUnitReportReporter -->
<testsuite hostname="LAPTOP-OLPA0MDN" failures="0" tests="1" name="log4jpractise.windowsHandlingwithLog" time="4.728" errors="0" timestamp="2021-08-28T14:00:25 IST" skipped="0">
  <testcase classname="log4jpractise.windowsHandlingwithLog" name="browsePageTest" time="4.728"/>
  <system-out/>
</testsuite> <!-- log4jpractise.windowsHandlingwithLog -->
