<?xml version="1.0" encoding="UTF-8"?>
<!-- Generated by org.testng.reporters.JUnitReportReporter -->
<testsuite hostname="LAPTOP-OLPA0MDN" failures="0" tests="1" name="hubSpotTestCases.HubsoptDemo" time="4.606" errors="0" timestamp="2021-07-02T15:58:22 IST" skipped="0">
  <testcase classname="hubSpotTestCases.HubsoptDemo" name="TC01_HomePage" time="4.606"/>
  <system-out/>
</testsuite> <!-- hubSpotTestCases.HubsoptDemo -->
