<?xml version="1.0" encoding="UTF-8"?>
<!-- Generated by org.testng.reporters.JUnitReportReporter -->
<testsuite hostname="LAPTOP-OLPA0MDN" failures="0" tests="2" name="testngAnnotationPractise.TestNGAnnotationInterview" time="0.013" errors="0" timestamp="2021-06-04T12:54:16 IST" skipped="0">
  <testcase classname="testngAnnotationPractise.TestNGAnnotationInterview" name="testcase2" time="0.003"/>
  <system-out/>
  <testcase classname="testngAnnotationPractise.TestNGAnnotationInterview" name="testcase1" time="0.010"/>
  <system-out/>
</testsuite> <!-- testngAnnotationPractise.TestNGAnnotationInterview -->
